<?xml version="1.0" encoding="UTF-8"?>
<!-- Generated by org.testng.reporters.JUnitReportReporter -->
<testsuite hostname="DESKTOP-OJQ00OQ" failures="0" tests="2" name="selenium_tutorial.Tc_001_Registration_Firefolks" time="22.913" errors="1" timestamp="2023-03-18T00:09:46 PDT" skipped="0">
  <testcase classname="selenium_tutorial.Tc_001_Registration_Firefolks" name="closeBrowser" time="21.734">
    <error message="Tried to run command without establishing a connection
Build info: version: &#039;4.7.1&#039;, revision: &#039;c6795baf1a3&#039;
System info: os.name: &#039;Windows 10&#039;, os.arch: &#039;amd64&#039;, os.version: &#039;10.0&#039;, java.version: &#039;18&#039;
Driver info: org.openqa.selenium.firefox.FirefoxDriver
Command: [d0a6eada-9ee7-479c-8f03-285a23bf34b4, quit {}]
Capabilities {acceptInsecureCerts: true, browserName: firefox, browserVersion: 111.0, moz:accessibilityChecks: false, moz:buildID: 20230309232128, moz:debuggerAddress: 127.0.0.1:14416, moz:geckodriverVersion: 0.32.2, moz:headless: false, moz:platformVersion: 10.0, moz:processID: 13244, moz:profile: C:\Users\pasmi\AppData\Loca..., moz:shutdownTimeout: 60000, moz:useNonSpecCompliantPointerOrigin: false, moz:webdriverClick: true, moz:windowless: false, pageLoadStrategy: normal, platformName: WINDOWS, proxy: Proxy(), se:cdp: ws://127.0.0.1:14416/devtoo..., se:cdpVersion: 85.0, setWindowRect: true, strictFileInteractability: false, timeouts: {implicit: 0, pageLoad: 300000, script: 30000}, unhandledPromptBehavior: dismiss and notify}
Session ID: d0a6eada-9ee7-479c-8f03-285a23bf34b4" type="org.openqa.selenium.NoSuchSessionException">
      <![CDATA[org.openqa.selenium.NoSuchSessionException: Tried to run command without establishing a connection
Build info: version: '4.7.1', revision: 'c6795baf1a3'
System info: os.name: 'Windows 10', os.arch: 'amd64', os.version: '10.0', java.version: '18'
Driver info: org.openqa.selenium.firefox.FirefoxDriver
Command: [d0a6eada-9ee7-479c-8f03-285a23bf34b4, quit {}]
Capabilities {acceptInsecureCerts: true, browserName: firefox, browserVersion: 111.0, moz:accessibilityChecks: false, moz:buildID: 20230309232128, moz:debuggerAddress: 127.0.0.1:14416, moz:geckodriverVersion: 0.32.2, moz:headless: false, moz:platformVersion: 10.0, moz:processID: 13244, moz:profile: C:\Users\pasmi\AppData\Loca..., moz:shutdownTimeout: 60000, moz:useNonSpecCompliantPointerOrigin: false, moz:webdriverClick: true, moz:windowless: false, pageLoadStrategy: normal, platformName: WINDOWS, proxy: Proxy(), se:cdp: ws://127.0.0.1:14416/devtoo..., se:cdpVersion: 85.0, setWindowRect: true, strictFileInteractability: false, timeouts: {implicit: 0, pageLoad: 300000, script: 30000}, unhandledPromptBehavior: dismiss and notify}
Session ID: d0a6eada-9ee7-479c-8f03-285a23bf34b4
at java.base/jdk.internal.reflect.DirectConstructorHandleAccessor.newInstance(DirectConstructorHandleAccessor.java:67)
at java.base/java.lang.reflect.Constructor.newInstanceWithCaller(Constructor.java:499)
at java.base/java.lang.reflect.Constructor.newInstance(Constructor.java:483)
at org.openqa.selenium.remote.codec.w3c.W3CHttpResponseCodec.createException(W3CHttpResponseCodec.java:200)
at org.openqa.selenium.remote.codec.w3c.W3CHttpResponseCodec.decode(W3CHttpResponseCodec.java:133)
at org.openqa.selenium.remote.codec.w3c.W3CHttpResponseCodec.decode(W3CHttpResponseCodec.java:53)
at org.openqa.selenium.remote.HttpCommandExecutor.execute(HttpCommandExecutor.java:184)
at org.openqa.selenium.remote.service.DriverCommandExecutor.invokeExecute(DriverCommandExecutor.java:167)
at org.openqa.selenium.remote.service.DriverCommandExecutor.lambda$execute$1(DriverCommandExecutor.java:105)
at java.base/java.util.concurrent.CompletableFuture$AsyncSupply.run(CompletableFuture.java:1768)
at java.base/java.util.concurrent.ThreadPoolExecutor.runWorker(ThreadPoolExecutor.java:1136)
at java.base/java.util.concurrent.ThreadPoolExecutor$Worker.run(ThreadPoolExecutor.java:635)
at java.base/java.lang.Thread.run(Thread.java:833)
]]>
    </error>
  </testcase> <!-- closeBrowser -->
  <system-out/>
  <testcase classname="selenium_tutorial.Tc_001_Registration_Firefolks" name="tc001" time="1.179"/>
  <system-out/>
</testsuite> <!-- selenium_tutorial.Tc_001_Registration_Firefolks -->
