<?xml version="1.0" encoding="UTF-8"?>
<!-- Generated by org.testng.reporters.JUnitReportReporter -->
<testsuite hostname="DESKTOP-OJQ00OQ" failures="0" tests="2" name="test.ted.com.TC1" time="0.011" errors="0" timestamp="2023-03-18T00:09:46 PDT" skipped="0">
  <testcase classname="test.ted.com.TC1" name="testcase_2" time="0.009"/>
  <system-out/>
  <testcase classname="test.ted.com.TC1" name="testcase_1" time="0.002"/>
  <system-out/>
</testsuite> <!-- test.ted.com.TC1 -->
