<?xml version="1.0" encoding="UTF-8"?>
<!-- Generated by org.testng.reporters.JUnitReportReporter -->
<testsuite hostname="DESKTOP-OJQ00OQ" failures="0" tests="1" name="selenium_tutorial.Tc_001_Registration_Functions" time="10.793" errors="0" timestamp="2023-03-18T00:09:46 PDT" skipped="0">
  <testcase classname="selenium_tutorial.Tc_001_Registration_Functions" name="tc001" time="10.793"/>
  <system-out/>
</testsuite> <!-- selenium_tutorial.Tc_001_Registration_Functions -->
